anaasis-connect-plugin/android/build/intermediates/manifest_merge_blame_file/debug/manifest-merger-blame-debug-report.txt
1<?xml version="1.0" encoding="utf-8"?>
2<manifest xmlns:android="http://schemas.android.com/apk/res/android"
3    package="com.anaasis.plugins.connect" >
4
5    <uses-sdk android:minSdkVersion="26" />
6
7    <!-- Necesarios para que el Cast SDK descubra bocinas por mDNS en la red WiFi local -->
8    <uses-permission android:name="android.permission.ACCESS_WIFI_STATE" />
8-->src\main\AndroidManifest.xml:5:5-76
8-->src\main\AndroidManifest.xml:5:22-73
9    <uses-permission android:name="android.permission.CHANGE_WIFI_MULTICAST_STATE" />
9-->src\main\AndroidManifest.xml:6:5-86
9-->src\main\AndroidManifest.xml:6:22-83
10    <uses-permission android:name="android.permission.ACCESS_NETWORK_STATE" />
10-->src\main\AndroidManifest.xml:7:5-79
10-->src\main\AndroidManifest.xml:7:22-76
11
12    <!-- Recordatorios en segundo plano: hablar + castear aunque la app esté cerrada -->
13    <uses-permission android:name="android.permission.RECEIVE_BOOT_COMPLETED" />
13-->src\main\AndroidManifest.xml:10:5-81
13-->src\main\AndroidManifest.xml:10:22-78
14    <uses-permission android:name="android.permission.WAKE_LOCK" />
14-->src\main\AndroidManifest.xml:11:5-68
14-->src\main\AndroidManifest.xml:11:22-65
15
16    <!--
17         Servicio en primer plano que mantiene la bocina Google Home conectada mientras
18         haya recordatorios activos, para no tener que reconectar (con su retraso) cada
19         vez que suena un recordatorio
20    -->
21    <uses-permission android:name="android.permission.FOREGROUND_SERVICE" />
21-->src\main\AndroidManifest.xml:16:5-77
21-->src\main\AndroidManifest.xml:16:22-74
22    <uses-permission android:name="android.permission.FOREGROUND_SERVICE_CONNECTED_DEVICE" />
22-->src\main\AndroidManifest.xml:17:5-94
22-->src\main\AndroidManifest.xml:17:22-91
23
24    <application>
24-->src\main\AndroidManifest.xml:19:5-42:19
25
26        <!-- Requerido por el Cast SDK: le dice con qué "receiver app" castear (el Default Media Receiver de Google) -->
27        <meta-data
27-->src\main\AndroidManifest.xml:21:9-23:79
28            android:name="com.google.android.gms.cast.framework.OPTIONS_PROVIDER_CLASS_NAME"
28-->src\main\AndroidManifest.xml:22:13-93
29            android:value="com.anaasis.plugins.connect.CastOptionsProvider" />
29-->src\main\AndroidManifest.xml:23:13-76
30
31        <receiver
31-->src\main\AndroidManifest.xml:25:9-27:40
32            android:name="com.anaasis.plugins.connect.RecordatorioBroadcastReceiver"
32-->src\main\AndroidManifest.xml:26:13-85
33            android:exported="false" />
33-->src\main\AndroidManifest.xml:27:13-37
34        <receiver
34-->src\main\AndroidManifest.xml:29:9-36:20
35            android:name="com.anaasis.plugins.connect.RecordatorioBootReceiver"
35-->src\main\AndroidManifest.xml:30:13-80
36            android:exported="false" >
36-->src\main\AndroidManifest.xml:31:13-37
37            <intent-filter>
37-->src\main\AndroidManifest.xml:32:13-35:29
38                <action android:name="android.intent.action.BOOT_COMPLETED" />
38-->src\main\AndroidManifest.xml:33:17-79
38-->src\main\AndroidManifest.xml:33:25-76
39                <action android:name="android.intent.action.QUICKBOOT_POWERON" />
39-->src\main\AndroidManifest.xml:34:17-82
39-->src\main\AndroidManifest.xml:34:25-79
40            </intent-filter>
41        </receiver>
42
43        <service
43-->src\main\AndroidManifest.xml:38:9-41:63
44            android:name="com.anaasis.plugins.connect.BocinaForegroundService"
44-->src\main\AndroidManifest.xml:39:13-79
45            android:exported="false"
45-->src\main\AndroidManifest.xml:40:13-37
46            android:foregroundServiceType="connectedDevice" />
46-->src\main\AndroidManifest.xml:41:13-60
47    </application>
48
49</manifest>